<?xml version="1.0" encoding="UTF-8"?>
<coverage generated="1743872966449" clover="3.2.0">
  <project timestamp="1743872966449" name="All files">
    <metrics statements="170" coveredstatements="163" conditionals="87" coveredconditionals="78" methods="54" coveredmethods="51" elements="311" coveredelements="292" complexity="0" loc="170" ncloc="170" packages="1" files="6" classes="6"/>
    <file name="course-offering.js" path="/Users/charlizeaponte/Documents/VSCode/SER330/Assignment-Automated Unit Testing/src/course-offering.js">
      <metrics statements="24" coveredstatements="23" conditionals="8" coveredconditionals="8" methods="6" coveredmethods="5"/>
      <line num="1" count="5" type="stmt"/>
      <line num="5" count="87" type="stmt"/>
      <line num="6" count="87" type="stmt"/>
      <line num="7" count="87" type="stmt"/>
      <line num="8" count="87" type="stmt"/>
      <line num="9" count="87" type="stmt"/>
      <line num="10" count="87" type="stmt"/>
      <line num="11" count="87" type="stmt"/>
      <line num="15" count="4" type="stmt"/>
      <line num="16" count="5" type="stmt"/>
      <line num="17" count="5" type="stmt"/>
      <line num="22" count="0" type="stmt"/>
      <line num="26" count="7" type="stmt"/>
      <line num="27" count="7" type="cond" truecount="4" falsecount="0"/>
      <line num="28" count="6" type="stmt"/>
      <line num="29" count="6" type="stmt"/>
      <line num="31" count="1" type="stmt"/>
      <line num="38" count="4" type="cond" truecount="2" falsecount="0"/>
      <line num="39" count="3" type="stmt"/>
      <line num="41" count="1" type="stmt"/>
      <line num="46" count="21" type="cond" truecount="2" falsecount="0"/>
      <line num="47" count="4" type="stmt"/>
      <line num="49" count="17" type="stmt"/>
      <line num="55" count="5" type="stmt"/>
    </file>
    <file name="course.js" path="/Users/charlizeaponte/Documents/VSCode/SER330/Assignment-Automated Unit Testing/src/course.js">
      <metrics statements="6" coveredstatements="6" conditionals="0" coveredconditionals="0" methods="2" coveredmethods="2"/>
      <line num="3" count="93" type="stmt"/>
      <line num="4" count="93" type="stmt"/>
      <line num="5" count="93" type="stmt"/>
      <line num="6" count="93" type="stmt"/>
      <line num="11" count="1" type="stmt"/>
      <line num="15" count="6" type="stmt"/>
    </file>
    <file name="institution.js" path="/Users/charlizeaponte/Documents/VSCode/SER330/Assignment-Automated Unit Testing/src/institution.js">
      <metrics statements="85" coveredstatements="80" conditionals="59" coveredconditionals="51" methods="23" coveredmethods="23"/>
      <line num="1" count="5" type="stmt"/>
      <line num="2" count="5" type="stmt"/>
      <line num="3" count="5" type="stmt"/>
      <line num="4" count="5" type="stmt"/>
      <line num="8" count="106" type="stmt"/>
      <line num="9" count="106" type="stmt"/>
      <line num="10" count="106" type="stmt"/>
      <line num="11" count="106" type="stmt"/>
      <line num="12" count="106" type="stmt"/>
      <line num="13" count="106" type="stmt"/>
      <line num="17" count="1" type="stmt"/>
      <line num="19" count="2" type="stmt"/>
      <line num="20" count="1" type="stmt"/>
      <line num="22" count="2" type="stmt"/>
      <line num="24" count="1" type="stmt"/>
      <line num="28" count="13" type="cond" truecount="2" falsecount="0"/>
      <line num="29" count="12" type="cond" truecount="2" falsecount="0"/>
      <line num="30" count="2" type="stmt"/>
      <line num="32" count="10" type="stmt"/>
      <line num="35" count="1" type="stmt"/>
      <line num="40" count="5" type="stmt"/>
      <line num="41" count="5" type="cond" truecount="6" falsecount="1"/>
      <line num="42" count="5" type="cond" truecount="1" falsecount="1"/>
      <line num="43" count="5" type="cond" truecount="2" falsecount="0"/>
      <line num="44" count="1" type="stmt"/>
      <line num="46" count="4" type="stmt"/>
      <line num="54" count="1" type="stmt"/>
      <line num="55" count="2" type="stmt"/>
      <line num="56" count="1" type="stmt"/>
      <line num="57" count="2" type="stmt"/>
      <line num="58" count="1" type="stmt"/>
      <line num="62" count="16" type="cond" truecount="2" falsecount="0"/>
      <line num="63" count="15" type="cond" truecount="2" falsecount="0"/>
      <line num="64" count="2" type="stmt"/>
      <line num="66" count="13" type="stmt"/>
      <line num="69" count="1" type="stmt"/>
      <line num="74" count="4" type="stmt"/>
      <line num="75" count="4" type="cond" truecount="6" falsecount="1"/>
      <line num="76" count="4" type="cond" truecount="2" falsecount="0"/>
      <line num="77" count="1" type="stmt"/>
      <line num="79" count="3" type="stmt"/>
      <line num="80" count="3" type="stmt"/>
      <line num="81" count="3" type="stmt"/>
      <line num="82" count="3" type="stmt"/>
      <line num="85" count="0" type="stmt"/>
      <line num="91" count="1" type="stmt"/>
      <line num="92" count="1" type="stmt"/>
      <line num="93" count="2" type="stmt"/>
      <line num="95" count="1" type="stmt"/>
      <line num="99" count="4" type="cond" truecount="2" falsecount="0"/>
      <line num="100" count="1" type="stmt"/>
      <line num="101" count="1" type="stmt"/>
      <line num="102" count="1" type="stmt"/>
      <line num="103" count="2" type="cond" truecount="3" falsecount="0"/>
      <line num="104" count="2" type="stmt"/>
      <line num="106" count="1" type="cond" truecount="1" falsecount="1"/>
      <line num="107" count="1" type="stmt"/>
      <line num="109" count="0" type="stmt"/>
      <line num="112" count="3" type="stmt"/>
      <line num="113" count="3" type="stmt"/>
      <line num="114" count="3" type="cond" truecount="2" falsecount="0"/>
      <line num="115" count="2" type="stmt"/>
      <line num="116" count="3" type="cond" truecount="2" falsecount="0"/>
      <line num="117" count="3" type="stmt"/>
      <line num="119" count="2" type="cond" truecount="2" falsecount="0"/>
      <line num="120" count="2" type="stmt"/>
      <line num="122" count="1" type="stmt"/>
      <line num="125" count="1" type="stmt"/>
      <line num="131" count="1" type="stmt"/>
      <line num="132" count="1" type="cond" truecount="6" falsecount="1"/>
      <line num="133" count="1" type="stmt"/>
      <line num="134" count="1" type="stmt"/>
      <line num="135" count="2" type="stmt"/>
      <line num="142" count="19" type="cond" truecount="1" falsecount="1"/>
      <line num="143" count="19" type="cond" truecount="2" falsecount="0"/>
      <line num="144" count="1" type="stmt"/>
      <line num="146" count="18" type="stmt"/>
      <line num="149" count="0" type="stmt"/>
      <line num="154" count="16" type="cond" truecount="1" falsecount="1"/>
      <line num="155" count="16" type="cond" truecount="1" falsecount="1"/>
      <line num="156" count="16" type="cond" truecount="2" falsecount="0"/>
      <line num="157" count="16" type="stmt"/>
      <line num="159" count="0" type="stmt"/>
      <line num="162" count="0" type="stmt"/>
      <line num="167" count="5" type="stmt"/>
    </file>
    <file name="instructor.js" path="/Users/charlizeaponte/Documents/VSCode/SER330/Assignment-Automated Unit Testing/src/instructor.js">
      <metrics statements="21" coveredstatements="21" conditionals="12" coveredconditionals="12" methods="14" coveredmethods="12"/>
      <line num="1" count="5" type="stmt"/>
      <line num="5" count="51" type="stmt"/>
      <line num="7" count="51" type="stmt"/>
      <line num="8" count="51" type="stmt"/>
      <line num="9" count="51" type="stmt"/>
      <line num="13" count="6" type="cond" truecount="4" falsecount="0"/>
      <line num="14" count="4" type="cond" truecount="2" falsecount="0"/>
      <line num="15" count="2" type="stmt"/>
      <line num="16" count="2" type="stmt"/>
      <line num="17" count="4" type="cond" truecount="2" falsecount="0"/>
      <line num="18" count="2" type="stmt"/>
      <line num="19" count="1" type="stmt"/>
      <line num="20" count="1" type="stmt"/>
      <line num="21" count="3" type="cond" truecount="2" falsecount="0"/>
      <line num="22" count="2" type="stmt"/>
      <line num="23" count="1" type="stmt"/>
      <line num="24" count="1" type="stmt"/>
      <line num="26" count="2" type="stmt"/>
      <line num="27" count="2" type="stmt"/>
      <line num="32" count="2" type="stmt"/>
      <line num="39" count="5" type="stmt"/>
    </file>
    <file name="person.js" path="/Users/charlizeaponte/Documents/VSCode/SER330/Assignment-Automated Unit Testing/src/person.js">
      <metrics statements="9" coveredstatements="9" conditionals="0" coveredconditionals="0" methods="3" coveredmethods="3"/>
      <line num="3" count="141" type="stmt"/>
      <line num="4" count="141" type="stmt"/>
      <line num="5" count="141" type="stmt"/>
      <line num="6" count="141" type="stmt"/>
      <line num="7" count="141" type="stmt"/>
      <line num="8" count="141" type="stmt"/>
      <line num="12" count="4" type="stmt"/>
      <line num="16" count="2" type="stmt"/>
      <line num="24" count="5" type="stmt"/>
    </file>
    <file name="student.js" path="/Users/charlizeaponte/Documents/VSCode/SER330/Assignment-Automated Unit Testing/src/student.js">
      <metrics statements="25" coveredstatements="24" conditionals="8" coveredconditionals="7" methods="6" coveredmethods="6"/>
      <line num="1" count="5" type="stmt"/>
      <line num="5" count="86" type="stmt"/>
      <line num="6" count="86" type="stmt"/>
      <line num="7" count="86" type="stmt"/>
      <line num="11" count="4" type="stmt"/>
      <line num="13" count="1" type="stmt"/>
      <line num="14" count="1" type="cond" truecount="1" falsecount="1"/>
      <line num="15" count="0" type="stmt"/>
      <line num="17" count="4" type="stmt"/>
      <line num="21" count="6" type="stmt"/>
      <line num="22" count="6" type="stmt"/>
      <line num="23" count="5" type="stmt"/>
      <line num="25" count="6" type="stmt"/>
      <line num="29" count="5" type="stmt"/>
      <line num="30" count="5" type="stmt"/>
      <line num="32" count="5" type="stmt"/>
      <line num="48" count="5" type="stmt"/>
      <line num="50" count="4" type="stmt"/>
      <line num="51" count="4" type="cond" truecount="4" falsecount="0"/>
      <line num="52" count="2" type="stmt"/>
      <line num="53" count="2" type="stmt"/>
      <line num="57" count="5" type="cond" truecount="2" falsecount="0"/>
      <line num="58" count="5" type="stmt"/>
      <line num="63" count="2" type="stmt"/>
      <line num="73" count="5" type="stmt"/>
    </file>
  </project>
</coverage>
