{"/Users/charlizeaponte/Documents/VSCode/SER330/Assignment-Automated Unit Testing/src/course-offering.js": {"path":"/Users/charlizeaponte/Documents/VSCode/SER330/Assignment-Automated Unit Testing/src/course-offering.js","statementMap":{"0":{"start":{"line":1,"column":16},"end":{"line":1,"column":39}},"1":{"start":{"line":5,"column":4},"end":{"line":5,"column":24}},"2":{"start":{"line":6,"column":4},"end":{"line":6,"column":38}},"3":{"start":{"line":7,"column":4},"end":{"line":7,"column":26}},"4":{"start":{"line":8,"column":4},"end":{"line":8,"column":20}},"5":{"start":{"line":9,"column":4},"end":{"line":9,"column":26}},"6":{"start":{"line":10,"column":4},"end":{"line":10,"column":32}},"7":{"start":{"line":11,"column":4},"end":{"line":11,"column":20}},"8":{"start":{"line":15,"column":4},"end":{"line":18,"column":5}},"9":{"start":{"line":16,"column":6},"end":{"line":16,"column":43}},"10":{"start":{"line":17,"column":6},"end":{"line":17,"column":35}},"11":{"start":{"line":22,"column":4},"end":{"line":22,"column":34}},"12":{"start":{"line":26,"column":24},"end":{"line":26,"column":97}},"13":{"start":{"line":27,"column":4},"end":{"line":32,"column":5}},"14":{"start":{"line":28,"column":6},"end":{"line":28,"column":43}},"15":{"start":{"line":29,"column":6},"end":{"line":29,"column":49}},"16":{"start":{"line":31,"column":6},"end":{"line":31,"column":41}},"17":{"start":{"line":38,"column":4},"end":{"line":42,"column":5}},"18":{"start":{"line":39,"column":6},"end":{"line":39,"column":42}},"19":{"start":{"line":41,"column":6},"end":{"line":41,"column":33}},"20":{"start":{"line":46,"column":4},"end":{"line":50,"column":5}},"21":{"start":{"line":47,"column":6},"end":{"line":47,"column":194}},"22":{"start":{"line":49,"column":6},"end":{"line":49,"column":136}},"23":{"start":{"line":55,"column":0},"end":{"line":55,"column":31}}},"fnMap":{"0":{"name":"(anonymous_0)","decl":{"start":{"line":4,"column":2},"end":{"line":4,"column":3}},"loc":{"start":{"line":4,"column":53},"end":{"line":12,"column":3}},"line":4},"1":{"name":"(anonymous_1)","decl":{"start":{"line":14,"column":2},"end":{"line":14,"column":3}},"loc":{"start":{"line":14,"column":31},"end":{"line":19,"column":3}},"line":14},"2":{"name":"(anonymous_2)","decl":{"start":{"line":21,"column":2},"end":{"line":21,"column":3}},"loc":{"start":{"line":21,"column":18},"end":{"line":23,"column":3}},"line":21},"3":{"name":"(anonymous_3)","decl":{"start":{"line":25,"column":2},"end":{"line":25,"column":3}},"loc":{"start":{"line":25,"column":32},"end":{"line":33,"column":3}},"line":25},"4":{"name":"(anonymous_4)","decl":{"start":{"line":37,"column":2},"end":{"line":37,"column":3}},"loc":{"start":{"line":37,"column":22},"end":{"line":43,"column":3}},"line":37},"5":{"name":"(anonymous_5)","decl":{"start":{"line":45,"column":2},"end":{"line":45,"column":3}},"loc":{"start":{"line":45,"column":14},"end":{"line":51,"column":3}},"line":45}},"branchMap":{"0":{"loc":{"start":{"line":27,"column":4},"end":{"line":32,"column":5}},"type":"if","locations":[{"start":{"line":27,"column":4},"end":{"line":32,"column":5}},{"start":{"line":30,"column":11},"end":{"line":32,"column":5}}],"line":27},"1":{"loc":{"start":{"line":27,"column":8},"end":{"line":27,"column":65}},"type":"binary-expr","locations":[{"start":{"line":27,"column":8},"end":{"line":27,"column":34}},{"start":{"line":27,"column":38},"end":{"line":27,"column":65}}],"line":27},"2":{"loc":{"start":{"line":38,"column":4},"end":{"line":42,"column":5}},"type":"if","locations":[{"start":{"line":38,"column":4},"end":{"line":42,"column":5}},{"start":{"line":40,"column":11},"end":{"line":42,"column":5}}],"line":38},"3":{"loc":{"start":{"line":46,"column":4},"end":{"line":50,"column":5}},"type":"if","locations":[{"start":{"line":46,"column":4},"end":{"line":50,"column":5}},{"start":{"line":48,"column":11},"end":{"line":50,"column":5}}],"line":46}},"s":{"0":5,"1":87,"2":87,"3":87,"4":87,"5":87,"6":87,"7":87,"8":4,"9":5,"10":5,"11":0,"12":7,"13":7,"14":6,"15":6,"16":1,"17":4,"18":3,"19":1,"20":21,"21":4,"22":17,"23":5},"f":{"0":87,"1":4,"2":0,"3":7,"4":4,"5":21},"b":{"0":[6,1],"1":[7,7],"2":[3,1],"3":[4,17]},"_coverageSchema":"1a1c01bbd47fc00a2c39e90264f33305004495a9","hash":"8848097a8914cd1eb90c491d7ea31fa34f544b99"}
,"/Users/charlizeaponte/Documents/VSCode/SER330/Assignment-Automated Unit Testing/src/course.js": {"path":"/Users/charlizeaponte/Documents/VSCode/SER330/Assignment-Automated Unit Testing/src/course.js","statementMap":{"0":{"start":{"line":3,"column":4},"end":{"line":3,"column":32}},"1":{"start":{"line":4,"column":4},"end":{"line":4,"column":24}},"2":{"start":{"line":5,"column":4},"end":{"line":5,"column":20}},"3":{"start":{"line":6,"column":4},"end":{"line":6,"column":26}},"4":{"start":{"line":11,"column":4},"end":{"line":11,"column":86}},"5":{"start":{"line":15,"column":0},"end":{"line":15,"column":23}}},"fnMap":{"0":{"name":"(anonymous_0)","decl":{"start":{"line":2,"column":2},"end":{"line":2,"column":3}},"loc":{"start":{"line":2,"column":50},"end":{"line":7,"column":3}},"line":2},"1":{"name":"(anonymous_1)","decl":{"start":{"line":9,"column":2},"end":{"line":9,"column":3}},"loc":{"start":{"line":9,"column":14},"end":{"line":12,"column":3}},"line":9}},"branchMap":{},"s":{"0":93,"1":93,"2":93,"3":93,"4":1,"5":6},"f":{"0":93,"1":1},"b":{},"_coverageSchema":"1a1c01bbd47fc00a2c39e90264f33305004495a9","hash":"a7bc1e6f284a9a29a10cb0d924a6431d3aeaa194"}
,"/Users/charlizeaponte/Documents/VSCode/SER330/Assignment-Automated Unit Testing/src/institution.js": {"path":"/Users/charlizeaponte/Documents/VSCode/SER330/Assignment-Automated Unit Testing/src/institution.js","statementMap":{"0":{"start":{"line":1,"column":15},"end":{"line":1,"column":37}},"1":{"start":{"line":2,"column":16},"end":{"line":2,"column":39}},"2":{"start":{"line":3,"column":23},"end":{"line":3,"column":54}},"3":{"start":{"line":4,"column":19},"end":{"line":4,"column":45}},"4":{"start":{"line":8,"column":4},"end":{"line":8,"column":20}},"5":{"start":{"line":9,"column":4},"end":{"line":9,"column":24}},"6":{"start":{"line":10,"column":4},"end":{"line":10,"column":25}},"7":{"start":{"line":11,"column":4},"end":{"line":11,"column":27}},"8":{"start":{"line":12,"column":4},"end":{"line":12,"column":28}},"9":{"start":{"line":13,"column":4},"end":{"line":13,"column":25}},"10":{"start":{"line":17,"column":4},"end":{"line":17,"column":98}},"11":{"start":{"line":19,"column":24},"end":{"line":19,"column":115}},"12":{"start":{"line":19,"column":71},"end":{"line":19,"column":114}},"13":{"start":{"line":20,"column":30},"end":{"line":20,"column":48}},"14":{"start":{"line":22,"column":4},"end":{"line":22,"column":62}},"15":{"start":{"line":22,"column":41},"end":{"line":22,"column":61}},"16":{"start":{"line":24,"column":4},"end":{"line":24,"column":21}},"17":{"start":{"line":28,"column":4},"end":{"line":36,"column":5}},"18":{"start":{"line":29,"column":8},"end":{"line":33,"column":9}},"19":{"start":{"line":30,"column":12},"end":{"line":30,"column":89}},"20":{"start":{"line":32,"column":12},"end":{"line":32,"column":57}},"21":{"start":{"line":35,"column":8},"end":{"line":35,"column":59}},"22":{"start":{"line":40,"column":4},"end":{"line":50,"column":5}},"23":{"start":{"line":41,"column":8},"end":{"line":49,"column":9}},"24":{"start":{"line":42,"column":12},"end":{"line":48,"column":13}},"25":{"start":{"line":43,"column":16},"end":{"line":47,"column":17}},"26":{"start":{"line":43,"column":74},"end":{"line":43,"column":121}},"27":{"start":{"line":44,"column":20},"end":{"line":44,"column":115}},"28":{"start":{"line":46,"column":20},"end":{"line":46,"column":62}},"29":{"start":{"line":54,"column":4},"end":{"line":54,"column":96}},"30":{"start":{"line":55,"column":24},"end":{"line":55,"column":124}},"31":{"start":{"line":55,"column":74},"end":{"line":55,"column":123}},"32":{"start":{"line":56,"column":30},"end":{"line":56,"column":48}},"33":{"start":{"line":57,"column":4},"end":{"line":57,"column":68}},"34":{"start":{"line":57,"column":44},"end":{"line":57,"column":67}},"35":{"start":{"line":58,"column":4},"end":{"line":58,"column":21}},"36":{"start":{"line":62,"column":4},"end":{"line":70,"column":5}},"37":{"start":{"line":63,"column":6},"end":{"line":67,"column":7}},"38":{"start":{"line":64,"column":8},"end":{"line":64,"column":104}},"39":{"start":{"line":66,"column":8},"end":{"line":66,"column":58}},"40":{"start":{"line":69,"column":6},"end":{"line":69,"column":59}},"41":{"start":{"line":74,"column":4},"end":{"line":87,"column":5}},"42":{"start":{"line":75,"column":6},"end":{"line":86,"column":7}},"43":{"start":{"line":76,"column":8},"end":{"line":83,"column":9}},"44":{"start":{"line":77,"column":10},"end":{"line":77,"column":105}},"45":{"start":{"line":79,"column":10},"end":{"line":79,"column":42}},"46":{"start":{"line":80,"column":10},"end":{"line":80,"column":67}},"47":{"start":{"line":81,"column":10},"end":{"line":81,"column":46}},"48":{"start":{"line":82,"column":10},"end":{"line":82,"column":110}},"49":{"start":{"line":85,"column":8},"end":{"line":85,"column":83}},"50":{"start":{"line":91,"column":4},"end":{"line":91,"column":92}},"51":{"start":{"line":92,"column":4},"end":{"line":94,"column":5}},"52":{"start":{"line":93,"column":6},"end":{"line":93,"column":25}},"53":{"start":{"line":95,"column":4},"end":{"line":95,"column":21}},"54":{"start":{"line":99,"column":4},"end":{"line":127,"column":5}},"55":{"start":{"line":100,"column":23},"end":{"line":100,"column":25}},"56":{"start":{"line":101,"column":6},"end":{"line":101,"column":110}},"57":{"start":{"line":102,"column":6},"end":{"line":105,"column":7}},"58":{"start":{"line":103,"column":25},"end":{"line":103,"column":148}},"59":{"start":{"line":103,"column":54},"end":{"line":103,"column":147}},"60":{"start":{"line":104,"column":8},"end":{"line":104,"column":64}},"61":{"start":{"line":104,"column":33},"end":{"line":104,"column":63}},"62":{"start":{"line":106,"column":6},"end":{"line":110,"column":7}},"63":{"start":{"line":107,"column":8},"end":{"line":107,"column":51}},"64":{"start":{"line":107,"column":33},"end":{"line":107,"column":50}},"65":{"start":{"line":109,"column":8},"end":{"line":109,"column":56}},"66":{"start":{"line":112,"column":23},"end":{"line":112,"column":25}},"67":{"start":{"line":113,"column":6},"end":{"line":113,"column":101}},"68":{"start":{"line":114,"column":6},"end":{"line":126,"column":7}},"69":{"start":{"line":115,"column":8},"end":{"line":118,"column":9}},"70":{"start":{"line":116,"column":27},"end":{"line":116,"column":111}},"71":{"start":{"line":116,"column":56},"end":{"line":116,"column":110}},"72":{"start":{"line":117,"column":10},"end":{"line":117,"column":66}},"73":{"start":{"line":117,"column":35},"end":{"line":117,"column":65}},"74":{"start":{"line":119,"column":8},"end":{"line":123,"column":9}},"75":{"start":{"line":120,"column":10},"end":{"line":120,"column":53}},"76":{"start":{"line":120,"column":35},"end":{"line":120,"column":52}},"77":{"start":{"line":122,"column":10},"end":{"line":122,"column":68}},"78":{"start":{"line":125,"column":8},"end":{"line":125,"column":55}},"79":{"start":{"line":131,"column":4},"end":{"line":138,"column":5}},"80":{"start":{"line":132,"column":6},"end":{"line":137,"column":7}},"81":{"start":{"line":133,"column":8},"end":{"line":133,"column":123}},"82":{"start":{"line":134,"column":8},"end":{"line":136,"column":9}},"83":{"start":{"line":135,"column":10},"end":{"line":135,"column":66}},"84":{"start":{"line":142,"column":4},"end":{"line":150,"column":5}},"85":{"start":{"line":143,"column":6},"end":{"line":147,"column":7}},"86":{"start":{"line":144,"column":8},"end":{"line":144,"column":46}},"87":{"start":{"line":146,"column":8},"end":{"line":146,"column":48}},"88":{"start":{"line":149,"column":6},"end":{"line":149,"column":67}},"89":{"start":{"line":154,"column":4},"end":{"line":163,"column":5}},"90":{"start":{"line":155,"column":6},"end":{"line":160,"column":7}},"91":{"start":{"line":156,"column":8},"end":{"line":156,"column":111}},"92":{"start":{"line":157,"column":8},"end":{"line":157,"column":76}},"93":{"start":{"line":159,"column":8},"end":{"line":159,"column":71}},"94":{"start":{"line":162,"column":6},"end":{"line":162,"column":69}},"95":{"start":{"line":167,"column":0},"end":{"line":167,"column":28}}},"fnMap":{"0":{"name":"(anonymous_0)","decl":{"start":{"line":7,"column":2},"end":{"line":7,"column":3}},"loc":{"start":{"line":7,"column":29},"end":{"line":14,"column":3}},"line":7},"1":{"name":"(anonymous_1)","decl":{"start":{"line":16,"column":2},"end":{"line":16,"column":3}},"loc":{"start":{"line":16,"column":18},"end":{"line":25,"column":3}},"line":16},"2":{"name":"(anonymous_2)","decl":{"start":{"line":19,"column":60},"end":{"line":19,"column":61}},"loc":{"start":{"line":19,"column":71},"end":{"line":19,"column":114}},"line":19},"3":{"name":"(anonymous_3)","decl":{"start":{"line":22,"column":30},"end":{"line":22,"column":31}},"loc":{"start":{"line":22,"column":41},"end":{"line":22,"column":61}},"line":22},"4":{"name":"(anonymous_4)","decl":{"start":{"line":27,"column":2},"end":{"line":27,"column":3}},"loc":{"start":{"line":27,"column":26},"end":{"line":37,"column":1}},"line":27},"5":{"name":"(anonymous_5)","decl":{"start":{"line":39,"column":0},"end":{"line":39,"column":1}},"loc":{"start":{"line":39,"column":93},"end":{"line":51,"column":1}},"line":39},"6":{"name":"(anonymous_6)","decl":{"start":{"line":43,"column":53},"end":{"line":43,"column":54}},"loc":{"start":{"line":43,"column":74},"end":{"line":43,"column":121}},"line":43},"7":{"name":"(anonymous_7)","decl":{"start":{"line":53,"column":2},"end":{"line":53,"column":3}},"loc":{"start":{"line":53,"column":22},"end":{"line":59,"column":3}},"line":53},"8":{"name":"(anonymous_8)","decl":{"start":{"line":55,"column":60},"end":{"line":55,"column":61}},"loc":{"start":{"line":55,"column":74},"end":{"line":55,"column":123}},"line":55},"9":{"name":"(anonymous_9)","decl":{"start":{"line":57,"column":30},"end":{"line":57,"column":31}},"loc":{"start":{"line":57,"column":44},"end":{"line":57,"column":67}},"line":57},"10":{"name":"(anonymous_10)","decl":{"start":{"line":61,"column":2},"end":{"line":61,"column":3}},"loc":{"start":{"line":61,"column":31},"end":{"line":71,"column":3}},"line":61},"11":{"name":"(anonymous_11)","decl":{"start":{"line":73,"column":2},"end":{"line":73,"column":3}},"loc":{"start":{"line":73,"column":89},"end":{"line":88,"column":3}},"line":73},"12":{"name":"(anonymous_12)","decl":{"start":{"line":90,"column":2},"end":{"line":90,"column":3}},"loc":{"start":{"line":90,"column":25},"end":{"line":96,"column":3}},"line":90},"13":{"name":"(anonymous_13)","decl":{"start":{"line":98,"column":2},"end":{"line":98,"column":3}},"loc":{"start":{"line":98,"column":52},"end":{"line":128,"column":3}},"line":98},"14":{"name":"(anonymous_14)","decl":{"start":{"line":103,"column":42},"end":{"line":103,"column":43}},"loc":{"start":{"line":103,"column":54},"end":{"line":103,"column":147}},"line":103},"15":{"name":"(anonymous_15)","decl":{"start":{"line":104,"column":25},"end":{"line":104,"column":26}},"loc":{"start":{"line":104,"column":33},"end":{"line":104,"column":63}},"line":104},"16":{"name":"(anonymous_16)","decl":{"start":{"line":107,"column":25},"end":{"line":107,"column":26}},"loc":{"start":{"line":107,"column":33},"end":{"line":107,"column":50}},"line":107},"17":{"name":"(anonymous_17)","decl":{"start":{"line":116,"column":44},"end":{"line":116,"column":45}},"loc":{"start":{"line":116,"column":56},"end":{"line":116,"column":110}},"line":116},"18":{"name":"(anonymous_18)","decl":{"start":{"line":117,"column":27},"end":{"line":117,"column":28}},"loc":{"start":{"line":117,"column":35},"end":{"line":117,"column":65}},"line":117},"19":{"name":"(anonymous_19)","decl":{"start":{"line":120,"column":27},"end":{"line":120,"column":28}},"loc":{"start":{"line":120,"column":35},"end":{"line":120,"column":52}},"line":120},"20":{"name":"(anonymous_20)","decl":{"start":{"line":130,"column":2},"end":{"line":130,"column":3}},"loc":{"start":{"line":130,"column":84},"end":{"line":139,"column":3}},"line":130},"21":{"name":"(anonymous_21)","decl":{"start":{"line":141,"column":2},"end":{"line":141,"column":3}},"loc":{"start":{"line":141,"column":22},"end":{"line":151,"column":3}},"line":141},"22":{"name":"(anonymous_22)","decl":{"start":{"line":153,"column":2},"end":{"line":153,"column":3}},"loc":{"start":{"line":153,"column":39},"end":{"line":164,"column":3}},"line":153}},"branchMap":{"0":{"loc":{"start":{"line":28,"column":4},"end":{"line":36,"column":5}},"type":"if","locations":[{"start":{"line":28,"column":4},"end":{"line":36,"column":5}},{"start":{"line":34,"column":11},"end":{"line":36,"column":5}}],"line":28},"1":{"loc":{"start":{"line":29,"column":8},"end":{"line":33,"column":9}},"type":"if","locations":[{"start":{"line":29,"column":8},"end":{"line":33,"column":9}},{"start":{"line":31,"column":15},"end":{"line":33,"column":9}}],"line":29},"2":{"loc":{"start":{"line":41,"column":8},"end":{"line":49,"column":9}},"type":"if","locations":[{"start":{"line":41,"column":8},"end":{"line":49,"column":9}},{"start":{},"end":{}}],"line":41},"3":{"loc":{"start":{"line":41,"column":12},"end":{"line":41,"column":186}},"type":"binary-expr","locations":[{"start":{"line":41,"column":12},"end":{"line":41,"column":47}},{"start":{"line":41,"column":51},"end":{"line":41,"column":84}},{"start":{"line":41,"column":88},"end":{"line":41,"column":110}},{"start":{"line":41,"column":114},"end":{"line":41,"column":142}},{"start":{"line":41,"column":146},"end":{"line":41,"column":186}}],"line":41},"4":{"loc":{"start":{"line":42,"column":12},"end":{"line":48,"column":13}},"type":"if","locations":[{"start":{"line":42,"column":12},"end":{"line":48,"column":13}},{"start":{},"end":{}}],"line":42},"5":{"loc":{"start":{"line":43,"column":16},"end":{"line":47,"column":17}},"type":"if","locations":[{"start":{"line":43,"column":16},"end":{"line":47,"column":17}},{"start":{"line":45,"column":23},"end":{"line":47,"column":17}}],"line":43},"6":{"loc":{"start":{"line":62,"column":4},"end":{"line":70,"column":5}},"type":"if","locations":[{"start":{"line":62,"column":4},"end":{"line":70,"column":5}},{"start":{"line":68,"column":11},"end":{"line":70,"column":5}}],"line":62},"7":{"loc":{"start":{"line":63,"column":6},"end":{"line":67,"column":7}},"type":"if","locations":[{"start":{"line":63,"column":6},"end":{"line":67,"column":7}},{"start":{"line":65,"column":13},"end":{"line":67,"column":7}}],"line":63},"8":{"loc":{"start":{"line":75,"column":6},"end":{"line":86,"column":7}},"type":"if","locations":[{"start":{"line":75,"column":6},"end":{"line":86,"column":7}},{"start":{"line":84,"column":13},"end":{"line":86,"column":7}}],"line":75},"9":{"loc":{"start":{"line":75,"column":10},"end":{"line":75,"column":184}},"type":"binary-expr","locations":[{"start":{"line":75,"column":10},"end":{"line":75,"column":45}},{"start":{"line":75,"column":49},"end":{"line":75,"column":82}},{"start":{"line":75,"column":86},"end":{"line":75,"column":108}},{"start":{"line":75,"column":112},"end":{"line":75,"column":140}},{"start":{"line":75,"column":144},"end":{"line":75,"column":184}}],"line":75},"10":{"loc":{"start":{"line":76,"column":8},"end":{"line":83,"column":9}},"type":"if","locations":[{"start":{"line":76,"column":8},"end":{"line":83,"column":9}},{"start":{"line":78,"column":15},"end":{"line":83,"column":9}}],"line":76},"11":{"loc":{"start":{"line":98,"column":39},"end":{"line":98,"column":50}},"type":"default-arg","locations":[{"start":{"line":98,"column":46},"end":{"line":98,"column":50}}],"line":98},"12":{"loc":{"start":{"line":99,"column":4},"end":{"line":127,"column":5}},"type":"if","locations":[{"start":{"line":99,"column":4},"end":{"line":127,"column":5}},{"start":{"line":111,"column":11},"end":{"line":127,"column":5}}],"line":99},"13":{"loc":{"start":{"line":103,"column":54},"end":{"line":103,"column":147}},"type":"binary-expr","locations":[{"start":{"line":103,"column":54},"end":{"line":103,"column":76}},{"start":{"line":103,"column":80},"end":{"line":103,"column":108}},{"start":{"line":103,"column":112},"end":{"line":103,"column":147}}],"line":103},"14":{"loc":{"start":{"line":106,"column":6},"end":{"line":110,"column":7}},"type":"if","locations":[{"start":{"line":106,"column":6},"end":{"line":110,"column":7}},{"start":{"line":108,"column":13},"end":{"line":110,"column":7}}],"line":106},"15":{"loc":{"start":{"line":114,"column":6},"end":{"line":126,"column":7}},"type":"if","locations":[{"start":{"line":114,"column":6},"end":{"line":126,"column":7}},{"start":{"line":124,"column":13},"end":{"line":126,"column":7}}],"line":114},"16":{"loc":{"start":{"line":116,"column":56},"end":{"line":116,"column":110}},"type":"binary-expr","locations":[{"start":{"line":116,"column":56},"end":{"line":116,"column":78}},{"start":{"line":116,"column":82},"end":{"line":116,"column":110}}],"line":116},"17":{"loc":{"start":{"line":119,"column":8},"end":{"line":123,"column":9}},"type":"if","locations":[{"start":{"line":119,"column":8},"end":{"line":123,"column":9}},{"start":{"line":121,"column":15},"end":{"line":123,"column":9}}],"line":119},"18":{"loc":{"start":{"line":132,"column":6},"end":{"line":137,"column":7}},"type":"if","locations":[{"start":{"line":132,"column":6},"end":{"line":137,"column":7}},{"start":{},"end":{}}],"line":132},"19":{"loc":{"start":{"line":132,"column":10},"end":{"line":132,"column":184}},"type":"binary-expr","locations":[{"start":{"line":132,"column":10},"end":{"line":132,"column":45}},{"start":{"line":132,"column":49},"end":{"line":132,"column":82}},{"start":{"line":132,"column":86},"end":{"line":132,"column":108}},{"start":{"line":132,"column":112},"end":{"line":132,"column":140}},{"start":{"line":132,"column":144},"end":{"line":132,"column":184}}],"line":132},"20":{"loc":{"start":{"line":142,"column":4},"end":{"line":150,"column":5}},"type":"if","locations":[{"start":{"line":142,"column":4},"end":{"line":150,"column":5}},{"start":{"line":148,"column":11},"end":{"line":150,"column":5}}],"line":142},"21":{"loc":{"start":{"line":143,"column":6},"end":{"line":147,"column":7}},"type":"if","locations":[{"start":{"line":143,"column":6},"end":{"line":147,"column":7}},{"start":{"line":145,"column":13},"end":{"line":147,"column":7}}],"line":143},"22":{"loc":{"start":{"line":154,"column":4},"end":{"line":163,"column":5}},"type":"if","locations":[{"start":{"line":154,"column":4},"end":{"line":163,"column":5}},{"start":{"line":161,"column":11},"end":{"line":163,"column":5}}],"line":154},"23":{"loc":{"start":{"line":155,"column":6},"end":{"line":160,"column":7}},"type":"if","locations":[{"start":{"line":155,"column":6},"end":{"line":160,"column":7}},{"start":{"line":158,"column":13},"end":{"line":160,"column":7}}],"line":155},"24":{"loc":{"start":{"line":156,"column":58},"end":{"line":156,"column":111}},"type":"binary-expr","locations":[{"start":{"line":156,"column":58},"end":{"line":156,"column":105}},{"start":{"line":156,"column":109},"end":{"line":156,"column":111}}],"line":156}},"s":{"0":5,"1":5,"2":5,"3":5,"4":106,"5":106,"6":106,"7":106,"8":106,"9":106,"10":1,"11":1,"12":2,"13":1,"14":1,"15":2,"16":1,"17":13,"18":12,"19":2,"20":10,"21":1,"22":5,"23":5,"24":5,"25":5,"26":2,"27":1,"28":4,"29":1,"30":1,"31":2,"32":1,"33":1,"34":2,"35":1,"36":16,"37":15,"38":2,"39":13,"40":1,"41":4,"42":4,"43":4,"44":1,"45":3,"46":3,"47":3,"48":3,"49":0,"50":1,"51":1,"52":2,"53":1,"54":4,"55":1,"56":1,"57":1,"58":2,"59":2,"60":2,"61":1,"62":1,"63":1,"64":1,"65":0,"66":3,"67":3,"68":3,"69":2,"70":3,"71":3,"72":3,"73":2,"74":2,"75":1,"76":2,"77":1,"78":1,"79":1,"80":1,"81":1,"82":1,"83":2,"84":19,"85":19,"86":1,"87":18,"88":0,"89":16,"90":16,"91":16,"92":16,"93":0,"94":0,"95":5},"f":{"0":106,"1":1,"2":2,"3":2,"4":13,"5":5,"6":2,"7":1,"8":2,"9":2,"10":16,"11":4,"12":1,"13":4,"14":2,"15":1,"16":1,"17":3,"18":2,"19":2,"20":1,"21":19,"22":16},"b":{"0":[12,1],"1":[2,10],"2":[5,0],"3":[5,5,5,5,5],"4":[5,0],"5":[1,4],"6":[15,1],"7":[2,13],"8":[4,0],"9":[4,4,4,4,4],"10":[1,3],"11":[3],"12":[1,3],"13":[2,2,2],"14":[1,0],"15":[2,1],"16":[3,2],"17":[1,1],"18":[1,0],"19":[1,1,1,1,1],"20":[19,0],"21":[1,18],"22":[16,0],"23":[16,0],"24":[16,14]},"_coverageSchema":"1a1c01bbd47fc00a2c39e90264f33305004495a9","hash":"8425178aca6ff407fdec84f165cd2696cf2ee2bc"}
,"/Users/charlizeaponte/Documents/VSCode/SER330/Assignment-Automated Unit Testing/src/instructor.js": {"path":"/Users/charlizeaponte/Documents/VSCode/SER330/Assignment-Automated Unit Testing/src/instructor.js","statementMap":{"0":{"start":{"line":1,"column":15},"end":{"line":1,"column":37}},"1":{"start":{"line":5,"column":4},"end":{"line":5,"column":75}},"2":{"start":{"line":7,"column":4},"end":{"line":7,"column":25}},"3":{"start":{"line":8,"column":4},"end":{"line":8,"column":93}},"4":{"start":{"line":9,"column":4},"end":{"line":9,"column":39}},"5":{"start":{"line":13,"column":4},"end":{"line":28,"column":5}},"6":{"start":{"line":14,"column":23},"end":{"line":14,"column":108}},"7":{"start":{"line":14,"column":57},"end":{"line":14,"column":107}},"8":{"start":{"line":15,"column":21},"end":{"line":15,"column":103}},"9":{"start":{"line":15,"column":45},"end":{"line":15,"column":102}},"10":{"start":{"line":16,"column":6},"end":{"line":16,"column":52}},"11":{"start":{"line":16,"column":34},"end":{"line":16,"column":51}},"12":{"start":{"line":17,"column":11},"end":{"line":28,"column":5}},"13":{"start":{"line":18,"column":23},"end":{"line":18,"column":78}},"14":{"start":{"line":18,"column":57},"end":{"line":18,"column":77}},"15":{"start":{"line":19,"column":21},"end":{"line":19,"column":103}},"16":{"start":{"line":19,"column":45},"end":{"line":19,"column":102}},"17":{"start":{"line":20,"column":6},"end":{"line":20,"column":52}},"18":{"start":{"line":20,"column":34},"end":{"line":20,"column":51}},"19":{"start":{"line":21,"column":11},"end":{"line":28,"column":5}},"20":{"start":{"line":22,"column":23},"end":{"line":22,"column":84}},"21":{"start":{"line":22,"column":57},"end":{"line":22,"column":83}},"22":{"start":{"line":23,"column":21},"end":{"line":23,"column":103}},"23":{"start":{"line":23,"column":45},"end":{"line":23,"column":102}},"24":{"start":{"line":24,"column":6},"end":{"line":24,"column":52}},"25":{"start":{"line":24,"column":34},"end":{"line":24,"column":51}},"26":{"start":{"line":26,"column":21},"end":{"line":26,"column":111}},"27":{"start":{"line":26,"column":53},"end":{"line":26,"column":110}},"28":{"start":{"line":27,"column":6},"end":{"line":27,"column":52}},"29":{"start":{"line":27,"column":34},"end":{"line":27,"column":51}},"30":{"start":{"line":32,"column":4},"end":{"line":35,"column":48}},"31":{"start":{"line":39,"column":0},"end":{"line":39,"column":27}}},"fnMap":{"0":{"name":"(anonymous_0)","decl":{"start":{"line":4,"column":2},"end":{"line":4,"column":3}},"loc":{"start":{"line":4,"column":67},"end":{"line":10,"column":3}},"line":4},"1":{"name":"(anonymous_1)","decl":{"start":{"line":12,"column":2},"end":{"line":12,"column":3}},"loc":{"start":{"line":12,"column":45},"end":{"line":29,"column":3}},"line":12},"2":{"name":"(anonymous_2)","decl":{"start":{"line":14,"column":47},"end":{"line":14,"column":48}},"loc":{"start":{"line":14,"column":57},"end":{"line":14,"column":107}},"line":14},"3":{"name":"(anonymous_3)","decl":{"start":{"line":15,"column":35},"end":{"line":15,"column":36}},"loc":{"start":{"line":15,"column":45},"end":{"line":15,"column":102}},"line":15},"4":{"name":"(anonymous_4)","decl":{"start":{"line":16,"column":24},"end":{"line":16,"column":25}},"loc":{"start":{"line":16,"column":34},"end":{"line":16,"column":51}},"line":16},"5":{"name":"(anonymous_5)","decl":{"start":{"line":18,"column":47},"end":{"line":18,"column":48}},"loc":{"start":{"line":18,"column":57},"end":{"line":18,"column":77}},"line":18},"6":{"name":"(anonymous_6)","decl":{"start":{"line":19,"column":35},"end":{"line":19,"column":36}},"loc":{"start":{"line":19,"column":45},"end":{"line":19,"column":102}},"line":19},"7":{"name":"(anonymous_7)","decl":{"start":{"line":20,"column":24},"end":{"line":20,"column":25}},"loc":{"start":{"line":20,"column":34},"end":{"line":20,"column":51}},"line":20},"8":{"name":"(anonymous_8)","decl":{"start":{"line":22,"column":47},"end":{"line":22,"column":48}},"loc":{"start":{"line":22,"column":57},"end":{"line":22,"column":83}},"line":22},"9":{"name":"(anonymous_9)","decl":{"start":{"line":23,"column":35},"end":{"line":23,"column":36}},"loc":{"start":{"line":23,"column":45},"end":{"line":23,"column":102}},"line":23},"10":{"name":"(anonymous_10)","decl":{"start":{"line":24,"column":24},"end":{"line":24,"column":25}},"loc":{"start":{"line":24,"column":34},"end":{"line":24,"column":51}},"line":24},"11":{"name":"(anonymous_11)","decl":{"start":{"line":26,"column":43},"end":{"line":26,"column":44}},"loc":{"start":{"line":26,"column":53},"end":{"line":26,"column":110}},"line":26},"12":{"name":"(anonymous_12)","decl":{"start":{"line":27,"column":24},"end":{"line":27,"column":25}},"loc":{"start":{"line":27,"column":34},"end":{"line":27,"column":51}},"line":27},"13":{"name":"(anonymous_13)","decl":{"start":{"line":31,"column":2},"end":{"line":31,"column":3}},"loc":{"start":{"line":31,"column":14},"end":{"line":36,"column":3}},"line":31}},"branchMap":{"0":{"loc":{"start":{"line":12,"column":16},"end":{"line":12,"column":27}},"type":"default-arg","locations":[{"start":{"line":12,"column":23},"end":{"line":12,"column":27}}],"line":12},"1":{"loc":{"start":{"line":12,"column":29},"end":{"line":12,"column":43}},"type":"default-arg","locations":[{"start":{"line":12,"column":39},"end":{"line":12,"column":43}}],"line":12},"2":{"loc":{"start":{"line":13,"column":4},"end":{"line":28,"column":5}},"type":"if","locations":[{"start":{"line":13,"column":4},"end":{"line":28,"column":5}},{"start":{"line":17,"column":11},"end":{"line":28,"column":5}}],"line":13},"3":{"loc":{"start":{"line":13,"column":8},"end":{"line":13,"column":41}},"type":"binary-expr","locations":[{"start":{"line":13,"column":8},"end":{"line":13,"column":21}},{"start":{"line":13,"column":25},"end":{"line":13,"column":41}}],"line":13},"4":{"loc":{"start":{"line":14,"column":57},"end":{"line":14,"column":107}},"type":"binary-expr","locations":[{"start":{"line":14,"column":57},"end":{"line":14,"column":77}},{"start":{"line":14,"column":81},"end":{"line":14,"column":107}}],"line":14},"5":{"loc":{"start":{"line":17,"column":11},"end":{"line":28,"column":5}},"type":"if","locations":[{"start":{"line":17,"column":11},"end":{"line":28,"column":5}},{"start":{"line":21,"column":11},"end":{"line":28,"column":5}}],"line":17},"6":{"loc":{"start":{"line":21,"column":11},"end":{"line":28,"column":5}},"type":"if","locations":[{"start":{"line":21,"column":11},"end":{"line":28,"column":5}},{"start":{"line":25,"column":11},"end":{"line":28,"column":5}}],"line":21}},"s":{"0":5,"1":51,"2":51,"3":51,"4":51,"5":6,"6":2,"7":4,"8":2,"9":1,"10":2,"11":2,"12":4,"13":1,"14":2,"15":1,"16":0,"17":1,"18":1,"19":3,"20":1,"21":2,"22":1,"23":0,"24":1,"25":1,"26":2,"27":1,"28":2,"29":2,"30":2,"31":5},"f":{"0":51,"1":6,"2":4,"3":1,"4":2,"5":2,"6":0,"7":1,"8":2,"9":0,"10":1,"11":1,"12":2,"13":2},"b":{"0":[2],"1":[3],"2":[2,4],"3":[6,3],"4":[4,2],"5":[1,3],"6":[1,2]},"_coverageSchema":"1a1c01bbd47fc00a2c39e90264f33305004495a9","hash":"bce40d14a788f5ddc9725f4d18d4d3a79c99fda9"}
,"/Users/charlizeaponte/Documents/VSCode/SER330/Assignment-Automated Unit Testing/src/person.js": {"path":"/Users/charlizeaponte/Documents/VSCode/SER330/Assignment-Automated Unit Testing/src/person.js","statementMap":{"0":{"start":{"line":3,"column":4},"end":{"line":3,"column":28}},"1":{"start":{"line":4,"column":4},"end":{"line":4,"column":30}},"2":{"start":{"line":5,"column":4},"end":{"line":5,"column":24}},"3":{"start":{"line":6,"column":4},"end":{"line":6,"column":44}},"4":{"start":{"line":7,"column":4},"end":{"line":7,"column":28}},"5":{"start":{"line":8,"column":4},"end":{"line":8,"column":34}},"6":{"start":{"line":12,"column":4},"end":{"line":12,"column":51}},"7":{"start":{"line":16,"column":4},"end":{"line":20,"column":54}},"8":{"start":{"line":24,"column":0},"end":{"line":24,"column":23}}},"fnMap":{"0":{"name":"(anonymous_0)","decl":{"start":{"line":2,"column":2},"end":{"line":2,"column":3}},"loc":{"start":{"line":2,"column":80},"end":{"line":9,"column":3}},"line":2},"1":{"name":"(anonymous_1)","decl":{"start":{"line":11,"column":2},"end":{"line":11,"column":3}},"loc":{"start":{"line":11,"column":15},"end":{"line":13,"column":3}},"line":11},"2":{"name":"(anonymous_2)","decl":{"start":{"line":15,"column":2},"end":{"line":15,"column":3}},"loc":{"start":{"line":15,"column":14},"end":{"line":21,"column":3}},"line":15}},"branchMap":{},"s":{"0":141,"1":141,"2":141,"3":141,"4":141,"5":141,"6":4,"7":2,"8":5},"f":{"0":141,"1":4,"2":2},"b":{},"_coverageSchema":"1a1c01bbd47fc00a2c39e90264f33305004495a9","hash":"aaa492d384d107d710f5f3a9b8c899d6811812e8"}
,"/Users/charlizeaponte/Documents/VSCode/SER330/Assignment-Automated Unit Testing/src/student.js": {"path":"/Users/charlizeaponte/Documents/VSCode/SER330/Assignment-Automated Unit Testing/src/student.js","statementMap":{"0":{"start":{"line":1,"column":15},"end":{"line":1,"column":37}},"1":{"start":{"line":5,"column":4},"end":{"line":5,"column":72}},"2":{"start":{"line":6,"column":4},"end":{"line":6,"column":24}},"3":{"start":{"line":7,"column":4},"end":{"line":7,"column":24}},"4":{"start":{"line":11,"column":20},"end":{"line":16,"column":8}},"5":{"start":{"line":13,"column":31},"end":{"line":13,"column":46}},"6":{"start":{"line":14,"column":8},"end":{"line":14,"column":55}},"7":{"start":{"line":14,"column":34},"end":{"line":14,"column":55}},"8":{"start":{"line":15,"column":8},"end":{"line":15,"column":36}},"9":{"start":{"line":17,"column":4},"end":{"line":17,"column":18}},"10":{"start":{"line":21,"column":16},"end":{"line":21,"column":17}},"11":{"start":{"line":22,"column":4},"end":{"line":24,"column":5}},"12":{"start":{"line":23,"column":6},"end":{"line":23,"column":31}},"13":{"start":{"line":25,"column":4},"end":{"line":25,"column":16}},"14":{"start":{"line":29,"column":17},"end":{"line":29,"column":18}},"15":{"start":{"line":30,"column":20},"end":{"line":30,"column":21}},"16":{"start":{"line":32,"column":23},"end":{"line":46,"column":5}},"17":{"start":{"line":48,"column":4},"end":{"line":55,"column":5}},"18":{"start":{"line":50,"column":22},"end":{"line":50,"column":45}},"19":{"start":{"line":51,"column":8},"end":{"line":54,"column":9}},"20":{"start":{"line":52,"column":12},"end":{"line":52,"column":59}},"21":{"start":{"line":53,"column":12},"end":{"line":53,"column":42}},"22":{"start":{"line":57,"column":16},"end":{"line":57,"column":56}},"23":{"start":{"line":58,"column":4},"end":{"line":58,"column":15}},"24":{"start":{"line":63,"column":4},"end":{"line":69,"column":46}},"25":{"start":{"line":73,"column":0},"end":{"line":73,"column":24}}},"fnMap":{"0":{"name":"(anonymous_0)","decl":{"start":{"line":4,"column":2},"end":{"line":4,"column":3}},"loc":{"start":{"line":4,"column":67},"end":{"line":8,"column":3}},"line":4},"1":{"name":"(anonymous_1)","decl":{"start":{"line":10,"column":2},"end":{"line":10,"column":3}},"loc":{"start":{"line":10,"column":18},"end":{"line":18,"column":3}},"line":10},"2":{"name":"(anonymous_2)","decl":{"start":{"line":12,"column":12},"end":{"line":12,"column":13}},"loc":{"start":{"line":12,"column":22},"end":{"line":16,"column":7}},"line":12},"3":{"name":"(anonymous_3)","decl":{"start":{"line":20,"column":2},"end":{"line":20,"column":3}},"loc":{"start":{"line":20,"column":17},"end":{"line":26,"column":3}},"line":20},"4":{"name":"(anonymous_4)","decl":{"start":{"line":28,"column":2},"end":{"line":28,"column":3}},"loc":{"start":{"line":28,"column":12},"end":{"line":59,"column":1}},"line":28},"5":{"name":"(anonymous_5)","decl":{"start":{"line":62,"column":2},"end":{"line":62,"column":3}},"loc":{"start":{"line":62,"column":14},"end":{"line":70,"column":3}},"line":62}},"branchMap":{"0":{"loc":{"start":{"line":14,"column":8},"end":{"line":14,"column":55}},"type":"if","locations":[{"start":{"line":14,"column":8},"end":{"line":14,"column":55}},{"start":{},"end":{}}],"line":14},"1":{"loc":{"start":{"line":51,"column":8},"end":{"line":54,"column":9}},"type":"if","locations":[{"start":{"line":51,"column":8},"end":{"line":54,"column":9}},{"start":{},"end":{}}],"line":51},"2":{"loc":{"start":{"line":51,"column":12},"end":{"line":51,"column":52}},"type":"binary-expr","locations":[{"start":{"line":51,"column":12},"end":{"line":51,"column":17}},{"start":{"line":51,"column":21},"end":{"line":51,"column":52}}],"line":51},"3":{"loc":{"start":{"line":57,"column":16},"end":{"line":57,"column":56}},"type":"cond-expr","locations":[{"start":{"line":57,"column":34},"end":{"line":57,"column":35}},{"start":{"line":57,"column":38},"end":{"line":57,"column":56}}],"line":57}},"s":{"0":5,"1":86,"2":86,"3":86,"4":4,"5":1,"6":1,"7":1,"8":0,"9":4,"10":6,"11":6,"12":5,"13":6,"14":5,"15":5,"16":5,"17":5,"18":4,"19":4,"20":2,"21":2,"22":5,"23":5,"24":2,"25":5},"f":{"0":86,"1":4,"2":1,"3":6,"4":5,"5":2},"b":{"0":[1,0],"1":[2,2],"2":[4,2],"3":[4,1]},"_coverageSchema":"1a1c01bbd47fc00a2c39e90264f33305004495a9","hash":"d2f2be8291b01ec7fcf699a1ce0c88d450f76fbc"}
}
