TN:
SF:src/course-offering.js
FN:4,(anonymous_0)
FN:14,(anonymous_1)
FN:21,(anonymous_2)
FN:25,(anonymous_3)
FN:37,(anonymous_4)
FN:45,(anonymous_5)
FNF:6
FNH:5
FNDA:87,(anonymous_0)
FNDA:4,(anonymous_1)
FNDA:0,(anonymous_2)
FNDA:7,(anonymous_3)
FNDA:4,(anonymous_4)
FNDA:21,(anonymous_5)
DA:1,5
DA:5,87
DA:6,87
DA:7,87
DA:8,87
DA:9,87
DA:10,87
DA:11,87
DA:15,4
DA:16,5
DA:17,5
DA:22,0
DA:26,7
DA:27,7
DA:28,6
DA:29,6
DA:31,1
DA:38,4
DA:39,3
DA:41,1
DA:46,21
DA:47,4
DA:49,17
DA:55,5
LF:24
LH:23
BRDA:27,0,0,6
BRDA:27,0,1,1
BRDA:27,1,0,7
BRDA:27,1,1,7
BRDA:38,2,0,3
BRDA:38,2,1,1
BRDA:46,3,0,4
BRDA:46,3,1,17
BRF:8
BRH:8
end_of_record
TN:
SF:src/course.js
FN:2,(anonymous_0)
FN:9,(anonymous_1)
FNF:2
FNH:2
FNDA:93,(anonymous_0)
FNDA:1,(anonymous_1)
DA:3,93
DA:4,93
DA:5,93
DA:6,93
DA:11,1
DA:15,6
LF:6
LH:6
BRF:0
BRH:0
end_of_record
TN:
SF:src/institution.js
FN:7,(anonymous_0)
FN:16,(anonymous_1)
FN:19,(anonymous_2)
FN:22,(anonymous_3)
FN:27,(anonymous_4)
FN:39,(anonymous_5)
FN:43,(anonymous_6)
FN:53,(anonymous_7)
FN:55,(anonymous_8)
FN:57,(anonymous_9)
FN:61,(anonymous_10)
FN:73,(anonymous_11)
FN:90,(anonymous_12)
FN:98,(anonymous_13)
FN:103,(anonymous_14)
FN:104,(anonymous_15)
FN:107,(anonymous_16)
FN:116,(anonymous_17)
FN:117,(anonymous_18)
FN:120,(anonymous_19)
FN:130,(anonymous_20)
FN:141,(anonymous_21)
FN:153,(anonymous_22)
FNF:23
FNH:23
FNDA:106,(anonymous_0)
FNDA:1,(anonymous_1)
FNDA:2,(anonymous_2)
FNDA:2,(anonymous_3)
FNDA:13,(anonymous_4)
FNDA:5,(anonymous_5)
FNDA:2,(anonymous_6)
FNDA:1,(anonymous_7)
FNDA:2,(anonymous_8)
FNDA:2,(anonymous_9)
FNDA:16,(anonymous_10)
FNDA:4,(anonymous_11)
FNDA:1,(anonymous_12)
FNDA:4,(anonymous_13)
FNDA:2,(anonymous_14)
FNDA:1,(anonymous_15)
FNDA:1,(anonymous_16)
FNDA:3,(anonymous_17)
FNDA:2,(anonymous_18)
FNDA:2,(anonymous_19)
FNDA:1,(anonymous_20)
FNDA:19,(anonymous_21)
FNDA:16,(anonymous_22)
DA:1,5
DA:2,5
DA:3,5
DA:4,5
DA:8,106
DA:9,106
DA:10,106
DA:11,106
DA:12,106
DA:13,106
DA:17,1
DA:19,2
DA:20,1
DA:22,2
DA:24,1
DA:28,13
DA:29,12
DA:30,2
DA:32,10
DA:35,1
DA:40,5
DA:41,5
DA:42,5
DA:43,5
DA:44,1
DA:46,4
DA:54,1
DA:55,2
DA:56,1
DA:57,2
DA:58,1
DA:62,16
DA:63,15
DA:64,2
DA:66,13
DA:69,1
DA:74,4
DA:75,4
DA:76,4
DA:77,1
DA:79,3
DA:80,3
DA:81,3
DA:82,3
DA:85,0
DA:91,1
DA:92,1
DA:93,2
DA:95,1
DA:99,4
DA:100,1
DA:101,1
DA:102,1
DA:103,2
DA:104,2
DA:106,1
DA:107,1
DA:109,0
DA:112,3
DA:113,3
DA:114,3
DA:115,2
DA:116,3
DA:117,3
DA:119,2
DA:120,2
DA:122,1
DA:125,1
DA:131,1
DA:132,1
DA:133,1
DA:134,1
DA:135,2
DA:142,19
DA:143,19
DA:144,1
DA:146,18
DA:149,0
DA:154,16
DA:155,16
DA:156,16
DA:157,16
DA:159,0
DA:162,0
DA:167,5
LF:85
LH:80
BRDA:28,0,0,12
BRDA:28,0,1,1
BRDA:29,1,0,2
BRDA:29,1,1,10
BRDA:41,2,0,5
BRDA:41,2,1,0
BRDA:41,3,0,5
BRDA:41,3,1,5
BRDA:41,3,2,5
BRDA:41,3,3,5
BRDA:41,3,4,5
BRDA:42,4,0,5
BRDA:42,4,1,0
BRDA:43,5,0,1
BRDA:43,5,1,4
BRDA:62,6,0,15
BRDA:62,6,1,1
BRDA:63,7,0,2
BRDA:63,7,1,13
BRDA:75,8,0,4
BRDA:75,8,1,0
BRDA:75,9,0,4
BRDA:75,9,1,4
BRDA:75,9,2,4
BRDA:75,9,3,4
BRDA:75,9,4,4
BRDA:76,10,0,1
BRDA:76,10,1,3
BRDA:98,11,0,3
BRDA:99,12,0,1
BRDA:99,12,1,3
BRDA:103,13,0,2
BRDA:103,13,1,2
BRDA:103,13,2,2
BRDA:106,14,0,1
BRDA:106,14,1,0
BRDA:114,15,0,2
BRDA:114,15,1,1
BRDA:116,16,0,3
BRDA:116,16,1,2
BRDA:119,17,0,1
BRDA:119,17,1,1
BRDA:132,18,0,1
BRDA:132,18,1,0
BRDA:132,19,0,1
BRDA:132,19,1,1
BRDA:132,19,2,1
BRDA:132,19,3,1
BRDA:132,19,4,1
BRDA:142,20,0,19
BRDA:142,20,1,0
BRDA:143,21,0,1
BRDA:143,21,1,18
BRDA:154,22,0,16
BRDA:154,22,1,0
BRDA:155,23,0,16
BRDA:155,23,1,0
BRDA:156,24,0,16
BRDA:156,24,1,14
BRF:59
BRH:51
end_of_record
TN:
SF:src/instructor.js
FN:4,(anonymous_0)
FN:12,(anonymous_1)
FN:14,(anonymous_2)
FN:15,(anonymous_3)
FN:16,(anonymous_4)
FN:18,(anonymous_5)
FN:19,(anonymous_6)
FN:20,(anonymous_7)
FN:22,(anonymous_8)
FN:23,(anonymous_9)
FN:24,(anonymous_10)
FN:26,(anonymous_11)
FN:27,(anonymous_12)
FN:31,(anonymous_13)
FNF:14
FNH:12
FNDA:51,(anonymous_0)
FNDA:6,(anonymous_1)
FNDA:4,(anonymous_2)
FNDA:1,(anonymous_3)
FNDA:2,(anonymous_4)
FNDA:2,(anonymous_5)
FNDA:0,(anonymous_6)
FNDA:1,(anonymous_7)
FNDA:2,(anonymous_8)
FNDA:0,(anonymous_9)
FNDA:1,(anonymous_10)
FNDA:1,(anonymous_11)
FNDA:2,(anonymous_12)
FNDA:2,(anonymous_13)
DA:1,5
DA:5,51
DA:7,51
DA:8,51
DA:9,51
DA:13,6
DA:14,4
DA:15,2
DA:16,2
DA:17,4
DA:18,2
DA:19,1
DA:20,1
DA:21,3
DA:22,2
DA:23,1
DA:24,1
DA:26,2
DA:27,2
DA:32,2
DA:39,5
LF:21
LH:21
BRDA:12,0,0,2
BRDA:12,1,0,3
BRDA:13,2,0,2
BRDA:13,2,1,4
BRDA:13,3,0,6
BRDA:13,3,1,3
BRDA:14,4,0,4
BRDA:14,4,1,2
BRDA:17,5,0,1
BRDA:17,5,1,3
BRDA:21,6,0,1
BRDA:21,6,1,2
BRF:12
BRH:12
end_of_record
TN:
SF:src/person.js
FN:2,(anonymous_0)
FN:11,(anonymous_1)
FN:15,(anonymous_2)
FNF:3
FNH:3
FNDA:141,(anonymous_0)
FNDA:4,(anonymous_1)
FNDA:2,(anonymous_2)
DA:3,141
DA:4,141
DA:5,141
DA:6,141
DA:7,141
DA:8,141
DA:12,4
DA:16,2
DA:24,5
LF:9
LH:9
BRF:0
BRH:0
end_of_record
TN:
SF:src/student.js
FN:4,(anonymous_0)
FN:10,(anonymous_1)
FN:12,(anonymous_2)
FN:20,(anonymous_3)
FN:28,(anonymous_4)
FN:62,(anonymous_5)
FNF:6
FNH:6
FNDA:86,(anonymous_0)
FNDA:4,(anonymous_1)
FNDA:1,(anonymous_2)
FNDA:6,(anonymous_3)
FNDA:5,(anonymous_4)
FNDA:2,(anonymous_5)
DA:1,5
DA:5,86
DA:6,86
DA:7,86
DA:11,4
DA:13,1
DA:14,1
DA:15,0
DA:17,4
DA:21,6
DA:22,6
DA:23,5
DA:25,6
DA:29,5
DA:30,5
DA:32,5
DA:48,5
DA:50,4
DA:51,4
DA:52,2
DA:53,2
DA:57,5
DA:58,5
DA:63,2
DA:73,5
LF:25
LH:24
BRDA:14,0,0,1
BRDA:14,0,1,0
BRDA:51,1,0,2
BRDA:51,1,1,2
BRDA:51,2,0,4
BRDA:51,2,1,2
BRDA:57,3,0,4
BRDA:57,3,1,1
BRF:8
BRH:7
end_of_record
